ExInformer/proguard_logs/seeds.txt
ru.openitr.cbrfinfo.BasePreferencesActivity
ru.openitr.cbrfinfo.BasePreferencesActivity: BasePreferencesActivity()
ru.openitr.cbrfinfo.CBInfoProvider
ru.openitr.cbrfinfo.CBInfoProvider: CBInfoProvider()
ru.openitr.cbrfinfo.CurInfoRefreshReciever
ru.openitr.cbrfinfo.CurInfoRefreshReciever: CurInfoRefreshReciever()
ru.openitr.cbrfinfo.CurInfoRefreshService
ru.openitr.cbrfinfo.CurInfoRefreshService: CurInfoRefreshService()
ru.openitr.cbrfinfo.InfoRefreshService: InfoRefreshService()
ru.openitr.cbrfinfo.InfoWidget
ru.openitr.cbrfinfo.InfoWidget: InfoWidget()
ru.openitr.cbrfinfo.MainActivity
ru.openitr.cbrfinfo.MainActivity: MainActivity()
ru.openitr.cbrfinfo.MainActivity: void showMenu(android.view.View)
ru.openitr.cbrfinfo.MetInfoRefreshReciever
ru.openitr.cbrfinfo.MetInfoRefreshReciever: MetInfoRefreshReciever()
ru.openitr.cbrfinfo.MetInfoRefreshService
ru.openitr.cbrfinfo.MetInfoRefreshService: MetInfoRefreshService()
ru.openitr.cbrfinfo.R$anim: int abc_fade_in
ru.openitr.cbrfinfo.R$anim: int abc_fade_out
ru.openitr.cbrfinfo.R$anim: int abc_slide_in_bottom
ru.openitr.cbrfinfo.R$anim: int abc_slide_in_top
ru.openitr.cbrfinfo.R$anim: int abc_slide_out_bottom
ru.openitr.cbrfinfo.R$anim: int abc_slide_out_top
ru.openitr.cbrfinfo.R$array: int interval_met_date
ru.openitr.cbrfinfo.R$array: int metall_names
ru.openitr.cbrfinfo.R$array: int page_titles
ru.openitr.cbrfinfo.R$array: int update_freq_opts
ru.openitr.cbrfinfo.R$array: int update_freq_vals
ru.openitr.cbrfinfo.R$attr: int actionBarDivider
ru.openitr.cbrfinfo.R$attr: int actionBarItemBackground
ru.openitr.cbrfinfo.R$attr: int actionBarSize
ru.openitr.cbrfinfo.R$attr: int actionBarSplitStyle
ru.openitr.cbrfinfo.R$attr: int actionBarStyle
ru.openitr.cbrfinfo.R$attr: int actionBarTabBarStyle
ru.openitr.cbrfinfo.R$attr: int actionBarTabStyle
ru.openitr.cbrfinfo.R$attr: int actionBarTabTextStyle
ru.openitr.cbrfinfo.R$attr: int actionBarWidgetTheme
ru.openitr.cbrfinfo.R$attr: int actionButtonStyle
ru.openitr.cbrfinfo.R$attr: int actionDropDownStyle
ru.openitr.cbrfinfo.R$attr: int actionLayout
ru.openitr.cbrfinfo.R$attr: int actionMenuTextAppearance
ru.openitr.cbrfinfo.R$attr: int actionMenuTextColor
ru.openitr.cbrfinfo.R$attr: int actionModeBackground
ru.openitr.cbrfinfo.R$attr: int actionModeCloseButtonStyle
ru.openitr.cbrfinfo.R$attr: int actionModeCloseDrawable
ru.openitr.cbrfinfo.R$attr: int actionModeCopyDrawable
ru.openitr.cbrfinfo.R$attr: int actionModeCutDrawable
ru.openitr.cbrfinfo.R$attr: int actionModeFindDrawable
ru.openitr.cbrfinfo.R$attr: int actionModePasteDrawable
ru.openitr.cbrfinfo.R$attr: int actionModePopupWindowStyle
ru.openitr.cbrfinfo.R$attr: int actionModeSelectAllDrawable
ru.openitr.cbrfinfo.R$attr: int actionModeShareDrawable
ru.openitr.cbrfinfo.R$attr: int actionModeSplitBackground
ru.openitr.cbrfinfo.R$attr: int actionModeStyle
ru.openitr.cbrfinfo.R$attr: int actionModeWebSearchDrawable
ru.openitr.cbrfinfo.R$bool: int abc_action_bar_embed_tabs_pre_jb
ru.openitr.cbrfinfo.R$bool: int abc_action_bar_expanded_action_views_exclusive
ru.openitr.cbrfinfo.R$bool: int abc_config_actionMenuItemAllCaps
ru.openitr.cbrfinfo.R$bool: int abc_config_allowActionMenuItemTextWithIcon
ru.openitr.cbrfinfo.R$bool: int abc_config_showMenuShortcutsWhenKeyboardPresent
ru.openitr.cbrfinfo.R$bool: int abc_split_action_bar_is_narrow
ru.openitr.cbrfinfo.R$color: int abc_search_url_text_holo
ru.openitr.cbrfinfo.R$color: int abc_search_url_text_normal
ru.openitr.cbrfinfo.R$color: int abc_search_url_text_pressed
ru.openitr.cbrfinfo.R$color: int abc_search_url_text_selected
...
android.support.v4.app.FragmentActivity: FragmentActivity()
android.support.v4.app.FragmentManagerState
android.support.v4.app.FragmentManagerState: android.os.Parcelable$Creator CREATOR
android.support.v4.app.FragmentState
android.support.v4.app.FragmentState: android.os.Parcelable$Creator CREATOR
android.support.v4.app.FragmentTabHost: void setOnTabChangedListener(android.widget.TabHost$OnTabChangeListener)
android.support.v4.app.FragmentTabHost$SavedState
android.support.v4.app.FragmentTabHost$SavedState: android.os.Parcelable$Creator CREATOR
android.support.v4.content.ModernAsyncTask$Status: android.support.v4.content.ModernAsyncTask$Status[] values()
android.support.v4.content.ModernAsyncTask$Status: android.support.v4.content.ModernAsyncTask$Status valueOf(java.lang.String)
android.support.v4.view.PagerTabStrip: void setTabIndicatorColor(int)
android.support.v4.view.PagerTabStrip: void setTabIndicatorColorResource(int)
android.support.v4.view.PagerTabStrip: int getTabIndicatorColor()
android.support.v4.view.PagerTabStrip: void setTextSpacing(int)
android.support.v4.view.PagerTabStrip: void setBackgroundDrawable(android.graphics.drawable.Drawable)
android.support.v4.view.PagerTabStrip: void setBackgroundColor(int)
android.support.v4.view.PagerTabStrip: void setBackgroundResource(int)
android.support.v4.view.PagerTabStrip: void setDrawFullUnderline(boolean)
android.support.v4.view.PagerTabStrip: boolean getDrawFullUnderline()
android.support.v4.view.PagerTabStrip: int getMinHeight()
android.support.v4.view.PagerTitleStrip
android.support.v4.view.PagerTitleStrip: void setSingleLineAllCaps(android.widget.TextView)
android.support.v4.view.PagerTitleStrip: PagerTitleStrip(android.content.Context)
android.support.v4.view.PagerTitleStrip: PagerTitleStrip(android.content.Context,android.util.AttributeSet)
android.support.v4.view.PagerTitleStrip: void setTextSpacing(int)
android.support.v4.view.PagerTitleStrip: int getTextSpacing()
android.support.v4.view.PagerTitleStrip: void setNonPrimaryAlpha(float)
android.support.v4.view.PagerTitleStrip: void setTextColor(int)
android.support.v4.view.PagerTitleStrip: void setGravity(int)
android.support.v4.view.PagerTitleStrip: int getMinHeight()
android.support.v4.view.ViewPager
android.support.v4.view.ViewPager: ViewPager(android.content.Context)
android.support.v4.view.ViewPager: ViewPager(android.content.Context,android.util.AttributeSet)
android.support.v4.view.ViewPager: void setScrollState(int)
android.support.v4.view.ViewPager: void setAdapter(android.support.v4.view.PagerAdapter)
android.support.v4.view.ViewPager: android.support.v4.view.PagerAdapter getAdapter()
android.support.v4.view.ViewPager: void setOnAdapterChangeListener(android.support.v4.view.ViewPager$OnAdapterChangeListener)
android.support.v4.view.ViewPager: int getClientWidth()
android.support.v4.view.ViewPager: void setCurrentItem(int)
android.support.v4.view.ViewPager: int getCurrentItem()
android.support.v4.view.ViewPager: void setOnPageChangeListener(android.support.v4.view.ViewPager$OnPageChangeListener)
android.support.v4.view.ViewPager: void setChildrenDrawingOrderEnabledCompat(boolean)
android.support.v4.view.ViewPager: int getOffscreenPageLimit()
android.support.v4.view.ViewPager: void setOffscreenPageLimit(int)
android.support.v4.view.ViewPager: void setPageMargin(int)
android.support.v4.view.ViewPager: int getPageMargin()
android.support.v4.view.ViewPager: void setPageMarginDrawable(android.graphics.drawable.Drawable)
android.support.v4.view.ViewPager: void setPageMarginDrawable(int)
android.support.v4.view.ViewPager: void setScrollingCacheEnabled(boolean)
android.support.v4.view.ViewPager$SavedState
android.support.v4.view.ViewPager$SavedState: android.os.Parcelable$Creator CREATOR