ExInformer/proguard_logs/mapping.txt
ru.openitr.cbrfinfo.AppDialog -> ru.openitr.cbrfinfo.a:
    java.util.Calendar onDate -> Y
    int dialogId -> Z
    int year -> aa
    int month -> ab
    int day -> ac
    android.app.DatePickerDialog$OnDateSetListener ondateSet -> ad
    android.content.DialogInterface$OnClickListener notRespondPositiveOnClick -> ae
    void setNotRespondPositiveOnClick(android.content.DialogInterface$OnClickListener) -> a
    ru.openitr.cbrfinfo.AppDialog newInstance(int) -> b
    void setCallBack(android.app.DatePickerDialog$OnDateSetListener) -> a
    void setArguments(android.os.Bundle) -> g
    android.app.Dialog onCreateDialog(android.os.Bundle) -> c
    void goToNetsettings() -> C
    void access$000(ru.openitr.cbrfinfo.AppDialog) -> a
ru.openitr.cbrfinfo.AppDialog$1 -> ru.openitr.cbrfinfo.b:
    ru.openitr.cbrfinfo.AppDialog this$0 -> a
    void onClick(android.content.DialogInterface,int) -> onClick
ru.openitr.cbrfinfo.AppDialog$2 -> ru.openitr.cbrfinfo.c:
    ru.openitr.cbrfinfo.AppDialog this$0 -> a
    void onClick(android.content.DialogInterface,int) -> onClick
ru.openitr.cbrfinfo.AppDialog$3 -> ru.openitr.cbrfinfo.d:
    ru.openitr.cbrfinfo.AppDialog this$0 -> a
    void onClick(android.content.DialogInterface,int) -> onClick
ru.openitr.cbrfinfo.AppDialog$4 -> ru.openitr.cbrfinfo.e:
    ru.openitr.cbrfinfo.AppDialog this$0 -> a
    void onClick(android.content.DialogInterface,int) -> onClick
ru.openitr.cbrfinfo.BasePreferencesActivity -> ru.openitr.cbrfinfo.BasePreferencesActivity:
    void onCreate(android.os.Bundle) -> onCreate
    void onContentChanged() -> onContentChanged
ru.openitr.cbrfinfo.CBInfoProvider -> ru.openitr.cbrfinfo.CBInfoProvider:
    android.database.sqlite.SQLiteDatabase db -> a
    android.net.Uri CURRENCY_CONTENT_URI -> b
    android.net.Uri METAL_CONTENT_URI -> c
    android.content.UriMatcher uriMatcher -> e
    ru.openitr.cbrfinfo.CBInfoProvider$InfoDBHelper dbHelper -> d
    boolean onCreate() -> onCreate
    void finalize() -> finalize
    android.database.Cursor query(android.net.Uri,java.lang.String[],java.lang.String,java.lang.String[],java.lang.String) -> query
    java.lang.String getType(android.net.Uri) -> getType
    android.net.Uri insert(android.net.Uri,android.content.ContentValues) -> insert
    int delete(android.net.Uri,java.lang.String,java.lang.String[]) -> delete
    int update(android.net.Uri,android.content.ContentValues,java.lang.String,java.lang.String[]) -> update
ru.openitr.cbrfinfo.CBInfoProvider$InfoDBHelper -> ru.openitr.cbrfinfo.f:
    ru.openitr.cbrfinfo.CBInfoProvider this$0 -> a
    void close() -> close
    void onCreate(android.database.sqlite.SQLiteDatabase) -> onCreate
    void onUpgrade(android.database.sqlite.SQLiteDatabase,int,int) -> onUpgrade
ru.openitr.cbrfinfo.CbInfoDb -> ru.openitr.cbrfinfo.g:
    java.lang.String CURRENCY_TABLE -> a
    java.lang.String METAL_TABLE -> b
    java.lang.String[] MET_ALL_COLUMNS -> c
    java.lang.String CREATE_CUR_TABLE -> d
    java.lang.String CREATE_CURTABLE_TRIGGER_1 -> e
    java.lang.String[] INSERT_CURRENCY_DATA -> f
    java.lang.String CREATE_METALL_TABLE -> g
    java.lang.String CREATE_METALTABLE_TRIGGER_1 -> h
    java.lang.String[] INSERT_METAL_DATA -> i
    java.lang.String[] CUR_ALL_COLUMNS -> j
ru.openitr.cbrfinfo.CurInfoRefreshReciever -> ru.openitr.cbrfinfo.CurInfoRefreshReciever:
    void onReceive(android.content.Context,android.content.Intent) -> onReceive
ru.openitr.cbrfinfo.CurInfoRefreshService -> ru.openitr.cbrfinfo.CurInfoRefreshService:
    void readPreferencesFromFile(android.content.SharedPreferences) -> a
    void resetPreferences(android.content.Context,java.util.Calendar) -> a
    java.lang.String getTickerText() -> a
    java.lang.String getExpandetText() -> b
    java.lang.String setAlarmAction() -> c
    void startTask(java.util.Calendar) -> a
ru.openitr.cbrfinfo.CurInfoRefreshService$1 -> ru.openitr.cbrfinfo.h:
...
android.support.v4.app.SuperNotCalledException -> android.support.v4.app.aq:
android.support.v4.app.TaskStackBuilder -> android.support.v4.app.ar:
    android.support.v4.app.TaskStackBuilder$TaskStackBuilderImpl IMPL -> a
    java.util.ArrayList mIntents -> b
    android.content.Context mSourceContext -> c
    android.support.v4.app.TaskStackBuilder create(android.content.Context) -> a
    android.support.v4.app.TaskStackBuilder addNextIntent(android.content.Intent) -> a
    android.support.v4.app.TaskStackBuilder addParentStack(android.app.Activity) -> a
    android.support.v4.app.TaskStackBuilder addParentStack(android.content.ComponentName) -> a
    java.util.Iterator iterator() -> iterator
    void startActivities() -> a
    void startActivities(android.os.Bundle) -> a
android.support.v4.app.TaskStackBuilder$SupportParentable -> android.support.v4.app.as:
    android.content.Intent getSupportParentActivityIntent() -> a
android.support.v4.app.TaskStackBuilder$TaskStackBuilderImpl -> android.support.v4.app.at:
android.support.v4.app.TaskStackBuilder$TaskStackBuilderImplBase -> android.support.v4.app.au:
android.support.v4.app.TaskStackBuilder$TaskStackBuilderImplHoneycomb -> android.support.v4.app.av:
android.support.v4.content.ContextCompat -> android.support.v4.a.a:
    boolean startActivities(android.content.Context,android.content.Intent[],android.os.Bundle) -> a
android.support.v4.content.ContextCompatHoneycomb -> android.support.v4.a.b:
    void startActivities(android.content.Context,android.content.Intent[]) -> a
android.support.v4.content.ContextCompatJellybean -> android.support.v4.a.c:
    void startActivities(android.content.Context,android.content.Intent[],android.os.Bundle) -> a
android.support.v4.content.IntentCompat -> android.support.v4.a.d:
    android.support.v4.content.IntentCompat$IntentCompatImpl IMPL -> a
    android.content.Intent makeMainActivity(android.content.ComponentName) -> a
android.support.v4.content.IntentCompat$IntentCompatImpl -> android.support.v4.a.e:
    android.content.Intent makeMainActivity(android.content.ComponentName) -> a
android.support.v4.content.IntentCompat$IntentCompatImplBase -> android.support.v4.a.f:
    android.content.Intent makeMainActivity(android.content.ComponentName) -> a
android.support.v4.content.IntentCompat$IntentCompatImplHC -> android.support.v4.a.g:
    android.content.Intent makeMainActivity(android.content.ComponentName) -> a
android.support.v4.content.IntentCompat$IntentCompatImplIcsMr1 -> android.support.v4.a.h:
android.support.v4.content.IntentCompatHoneycomb -> android.support.v4.a.i:
    android.content.Intent makeMainActivity(android.content.ComponentName) -> a
android.support.v4.content.Loader -> android.support.v4.a.j:
    int mId -> a
    android.support.v4.content.Loader$OnLoadCompleteListener mListener -> b
    boolean mStarted -> c
    boolean mAbandoned -> d
    boolean mReset -> e
    boolean mContentChanged -> f
    boolean mProcessingChange -> g
    void registerListener(int,android.support.v4.content.Loader$OnLoadCompleteListener) -> a
    void unregisterListener(android.support.v4.content.Loader$OnLoadCompleteListener) -> a
    void startLoading() -> a
    void onStartLoading() -> b
    void stopLoading() -> c
    void onStopLoading() -> d
    void reset() -> e
    void onReset() -> f
    java.lang.String dataToString(java.lang.Object) -> a
    java.lang.String toString() -> toString
    void dump(java.lang.String,java.io.FileDescriptor,java.io.PrintWriter,java.lang.String[]) -> a
android.support.v4.content.Loader$OnLoadCompleteListener -> android.support.v4.a.k:
android.support.v4.internal.view.SupportMenu -> android.support.v4.b.a.a: