ExInformer/proguard_logs/usage.txt
ru.openitr.cbrfinfo.AppDialog:
    public static final int DATE_DIALOG
    public static final int NETSETTINGS_DIALOG
    public static final int PROGRESS_DIALOG
    public static final int ILLEGAL_DATA_DIALOD
    public static final int NOT_RESPOND_DIALOG
ru.openitr.cbrfinfo.BuildConfig
ru.openitr.cbrfinfo.CBInfoProvider:
    static final java.lang.String CUR_AUTHORITY
    static final java.lang.String CURRENCY_PATH
    static final java.lang.String CURRENCY_CONTENT_TYPE
    static final java.lang.String CURRENCY_CONTENT_ITEM_TYPE
    static final int URI_CURRENCY
    static final int URI_CURRENCY_ID
    static final java.lang.String MET_AUTHORITY
    static final java.lang.String METAL_PATH
    static final java.lang.String METAL_CONTENT_TYPE
    static final java.lang.String METAL_CONTENT_ITEM_TYPE
    static final int URI_METALL
    static final int URI_METAL_ID
ru.openitr.cbrfinfo.CbInfoDb:
    public static final java.lang.String DATABASE_NAME
    public static final int DATABASE_VERSION
    public static final java.lang.String CUR_KEY_ID
    public static final java.lang.String CUR_KEY_CODE
    public static final java.lang.String CUR_KEY_CHARCODE
    public static final java.lang.String CUR_KEY_VCURS
    public static final java.lang.String CUR_KEY_VNAME
    public static final java.lang.String CUR_KEY_DATE
    public static final java.lang.String CUR_KEY_IMAGE_URI
    public static final java.lang.String CUR_KEY_VISIBLE
    public static final java.lang.String CUR_KEY_ORDER
    public static final java.lang.String CUR_KEY_DELTA
    public static final int VALINDEX_COLUMN
    public static final int VALCODE_COLUMN
    public static final int VALCHARCODE_COLUMN
    public static final int VALCURS_COLUMN
    public static final int VALNAME_COLUMN
    public static final int VALDATE_COLUMN
    public static final int FLAGURI_COLUMN
    public static final int VISIBLE_COLUMN
    public static final int ORDER_COLUMN
    public static final int VALDELTA_COLNUM
    public static final java.lang.String MET_KEY_ID
    public static final java.lang.String MET_KEY_CODE
    public static final java.lang.String MET_KEY_PRICE
    public static final java.lang.String MET_KEY_DATE
    private static final java.lang.String MET_KEY_IMAGE_URI
    public static final java.lang.String MET_KEY_VISIBLE
ru.openitr.cbrfinfo.CurInfoRefreshReciever:
    public static final java.lang.String ACTION_REFRESH_INFO_ALARM
ru.openitr.cbrfinfo.CurrencyInfoFragment:
    public static final java.lang.String LOG_TAG
    public static final int FIN_STATUS_OK
    public static final java.lang.String PARAM_DATE
    public static final java.lang.String PARAM_ONLY_SET_ALARM
    public static final java.lang.String PARAM_FROM_ACTIVITY
    static final java.lang.String INFO_REFRESH_INTENT
    66:71:public static ru.openitr.cbrfinfo.CurrencyInfoFragment newInstance(int,int)
    75:75:public com.mobeta.android.dslv.DragSortController getController()
ru.openitr.cbrfinfo.DailyInfoStub:
    private static final java.lang.String namespace
    private static final java.lang.String url
    private static final java.lang.String LOG_TAG
ru.openitr.cbrfinfo.DragMetal:
    81:82:public void setPrice(java.lang.String)
    90:91:public void setOnDate(java.util.Calendar)
ru.openitr.cbrfinfo.ExtraCalendar:
    12:12:public ExtraCalendar()
    29:30:public static boolean isPast(java.util.Calendar)
    40:40:public static java.lang.String getSimpleDateString(java.util.Calendar)
    44:44:public static java.util.Calendar getToday()
    47:48:public static java.util.Calendar getTomorrow(java.util.Calendar)
    51:52:public static java.util.Calendar getYesterday(java.util.Calendar)
...
android.support.v4.app.NotificationCompat$NotificationCompatImplHoneycomb
android.support.v4.app.NotificationCompat$NotificationCompatImplIceCreamSandwich
android.support.v4.app.NotificationCompat$NotificationCompatImplJellybean
android.support.v4.app.NotificationCompat$Style
android.support.v4.app.NotificationCompatHoneycomb
android.support.v4.app.NotificationCompatIceCreamSandwich
android.support.v4.app.NotificationCompatJellybean
android.support.v4.app.ServiceCompat
android.support.v4.app.ShareCompat
android.support.v4.app.ShareCompat$IntentBuilder
android.support.v4.app.ShareCompat$IntentReader
android.support.v4.app.ShareCompat$ShareCompatImpl
android.support.v4.app.ShareCompat$ShareCompatImplBase
android.support.v4.app.ShareCompat$ShareCompatImplICS
android.support.v4.app.ShareCompat$ShareCompatImplJB
android.support.v4.app.ShareCompatICS
android.support.v4.app.ShareCompatJB
android.support.v4.app.TaskStackBuilder:
    private static final java.lang.String TAG
    150:150:public static android.support.v4.app.TaskStackBuilder from(android.content.Context)
    178:186:public android.support.v4.app.TaskStackBuilder addNextIntentWithParentStack(android.content.Intent)
    226:226:public android.support.v4.app.TaskStackBuilder addParentStack(java.lang.Class)
    256:256:public int getIntentCount()
    270:270:public android.content.Intent getIntent(int)
    282:282:public android.content.Intent editIntentAt(int)
    344:344:public android.app.PendingIntent getPendingIntent(int,int)
    361:371:public android.app.PendingIntent getPendingIntent(int,int,android.os.Bundle)
    382:391:public android.content.Intent[] getIntents()
android.support.v4.app.TaskStackBuilder$TaskStackBuilderImpl:
    public abstract android.app.PendingIntent getPendingIntent(android.content.Context,android.content.Intent[],int,int,android.os.Bundle)
android.support.v4.app.TaskStackBuilder$TaskStackBuilderImplBase:
    84:86:public android.app.PendingIntent getPendingIntent(android.content.Context,android.content.Intent[],int,int,android.os.Bundle)
android.support.v4.app.TaskStackBuilder$TaskStackBuilderImplHoneycomb:
    93:96:public android.app.PendingIntent getPendingIntent(android.content.Context,android.content.Intent[],int,int,android.os.Bundle)
android.support.v4.app.TaskStackBuilder$TaskStackBuilderImplJellybean
android.support.v4.app.TaskStackBuilderHoneycomb
android.support.v4.app.TaskStackBuilderJellybean
android.support.v4.content.AsyncTaskLoader
android.support.v4.content.AsyncTaskLoader$LoadTask
android.support.v4.content.ContextCompat:
    29:29:public ContextCompat()
    57:57:public static boolean startActivities(android.content.Context,android.content.Intent[])
android.support.v4.content.ContextCompatHoneycomb:
    25:25:ContextCompatHoneycomb()
android.support.v4.content.ContextCompatJellybean:
    23:23:ContextCompatJellybean()
android.support.v4.content.CursorLoader
android.support.v4.content.FileProvider
android.support.v4.content.FileProvider$PathStrategy
android.support.v4.content.FileProvider$SimplePathStrategy
android.support.v4.content.IntentCompat:
    public static final java.lang.String ACTION_EXTERNAL_APPLICATIONS_AVAILABLE
    public static final java.lang.String ACTION_EXTERNAL_APPLICATIONS_UNAVAILABLE
    public static final java.lang.String EXTRA_CHANGED_PACKAGE_LIST
    public static final java.lang.String EXTRA_CHANGED_UID_LIST
    public static final java.lang.String EXTRA_HTML_TEXT
    public static final int FLAG_ACTIVITY_TASK_ON_HOME
    public static final int FLAG_ACTIVITY_CLEAR_TASK
    95:97:private IntentCompat()
    249:249:public static android.content.Intent makeMainSelectorActivity(java.lang.String,java.lang.String)
    266:266:public static android.content.Intent makeRestartActivityTask(android.content.ComponentName)